[2026-04-13T22:24:09.792+0000] {manager.py:470} INFO - Processing files using up to 2 processes at a time 
[2026-04-13T22:24:09.795+0000] {manager.py:471} INFO - Process each file at most once every 30 seconds
[2026-04-13T22:24:09.797+0000] {manager.py:472} INFO - Checking for new files in /opt/airflow/dags every 300 seconds
[2026-04-13T22:24:09.799+0000] {manager.py:737} INFO - Searching for files in /opt/airflow/dags
[2026-04-13T22:24:09.807+0000] {manager.py:740} INFO - There are 0 files in /opt/airflow/dags
[2026-04-13T22:29:10.258+0000] {manager.py:737} INFO - Searching for files in /opt/airflow/dags
[2026-04-13T22:29:10.263+0000] {manager.py:740} INFO - There are 0 files in /opt/airflow/dags
[2026-04-13T22:34:10.761+0000] {manager.py:737} INFO - Searching for files in /opt/airflow/dags
[2026-04-13T22:34:10.769+0000] {manager.py:740} INFO - There are 0 files in /opt/airflow/dags
[2026-04-13T22:39:11.171+0000] {manager.py:737} INFO - Searching for files in /opt/airflow/dags
[2026-04-13T22:39:11.175+0000] {manager.py:740} INFO - There are 0 files in /opt/airflow/dags
[2026-04-13T22:44:11.619+0000] {manager.py:737} INFO - Searching for files in /opt/airflow/dags
[2026-04-13T22:44:11.629+0000] {manager.py:740} INFO - There are 0 files in /opt/airflow/dags
[2026-04-13T22:49:12.083+0000] {manager.py:737} INFO - Searching for files in /opt/airflow/dags
[2026-04-13T22:49:12.090+0000] {manager.py:740} INFO - There are 0 files in /opt/airflow/dags
[2026-04-13T22:54:12.503+0000] {manager.py:737} INFO - Searching for files in /opt/airflow/dags
[2026-04-13T22:54:12.510+0000] {manager.py:740} INFO - There are 0 files in /opt/airflow/dags
[2026-04-13T22:59:12.933+0000] {manager.py:737} INFO - Searching for files in /opt/airflow/dags
[2026-04-13T22:59:12.940+0000] {manager.py:740} INFO - There are 0 files in /opt/airflow/dags
[2026-04-13T23:04:13.443+0000] {manager.py:737} INFO - Searching for files in /opt/airflow/dags
[2026-04-13T23:04:13.453+0000] {manager.py:740} INFO - There are 0 files in /opt/airflow/dags
[2026-04-13T23:09:13.903+0000] {manager.py:737} INFO - Searching for files in /opt/airflow/dags
[2026-04-13T23:09:13.912+0000] {manager.py:740} INFO - There are 0 files in /opt/airflow/dags
[2026-04-13T23:14:14.428+0000] {manager.py:737} INFO - Searching for files in /opt/airflow/dags
[2026-04-13T23:14:14.437+0000] {manager.py:740} INFO - There are 0 files in /opt/airflow/dags
[2026-04-13T23:19:14.882+0000] {manager.py:737} INFO - Searching for files in /opt/airflow/dags
[2026-04-13T23:19:14.893+0000] {manager.py:740} INFO - There are 0 files in /opt/airflow/dags
[2026-04-13T23:24:15.416+0000] {manager.py:737} INFO - Searching for files in /opt/airflow/dags
[2026-04-13T23:24:15.425+0000] {manager.py:740} INFO - There are 0 files in /opt/airflow/dags
[2026-04-13T23:29:15.834+0000] {manager.py:737} INFO - Searching for files in /opt/airflow/dags
[2026-04-13T23:29:15.838+0000] {manager.py:740} INFO - There are 0 files in /opt/airflow/dags
[2026-04-13T23:34:16.259+0000] {manager.py:737} INFO - Searching for files in /opt/airflow/dags
[2026-04-13T23:34:16.267+0000] {manager.py:740} INFO - There are 0 files in /opt/airflow/dags
[2026-04-13T23:39:16.640+0000] {manager.py:737} INFO - Searching for files in /opt/airflow/dags
[2026-04-13T23:39:16.649+0000] {manager.py:740} INFO - There are 0 files in /opt/airflow/dags
[2026-04-13T23:44:17.063+0000] {manager.py:737} INFO - Searching for files in /opt/airflow/dags
[2026-04-13T23:44:17.067+0000] {manager.py:740} INFO - There are 0 files in /opt/airflow/dags
[2026-04-13T23:49:17.506+0000] {manager.py:737} INFO - Searching for files in /opt/airflow/dags
[2026-04-13T23:49:17.516+0000] {manager.py:740} INFO - There are 0 files in /opt/airflow/dags
[2026-04-13T23:54:17.961+0000] {manager.py:737} INFO - Searching for files in /opt/airflow/dags
[2026-04-13T23:54:17.967+0000] {manager.py:740} INFO - There are 0 files in /opt/airflow/dags
[2026-04-13T23:59:18.398+0000] {manager.py:737} INFO - Searching for files in /opt/airflow/dags
[2026-04-13T23:59:18.405+0000] {manager.py:740} INFO - There are 0 files in /opt/airflow/dags
[2026-04-14T00:04:18.853+0000] {manager.py:737} INFO - Searching for files in /opt/airflow/dags
[2026-04-14T00:04:18.860+0000] {manager.py:740} INFO - There are 0 files in /opt/airflow/dags
[2026-04-14T07:59:12.408+0000] {manager.py:470} INFO - Processing files using up to 2 processes at a time 
[2026-04-14T07:59:12.410+0000] {manager.py:471} INFO - Process each file at most once every 30 seconds
[2026-04-14T07:59:12.411+0000] {manager.py:472} INFO - Checking for new files in /opt/airflow/dags every 300 seconds
[2026-04-14T07:59:12.413+0000] {manager.py:737} INFO - Searching for files in /opt/airflow/dags
[2026-04-14T07:59:12.419+0000] {manager.py:740} INFO - There are 0 files in /opt/airflow/dags
[2026-04-14T08:04:13.383+0000] {manager.py:737} INFO - Searching for files in /opt/airflow/dags
[2026-04-14T08:04:13.397+0000] {manager.py:740} INFO - There are 0 files in /opt/airflow/dags
[2026-04-14T08:09:14.310+0000] {manager.py:737} INFO - Searching for files in /opt/airflow/dags
[2026-04-14T08:09:14.322+0000] {manager.py:740} INFO - There are 0 files in /opt/airflow/dags
[2026-04-14T08:14:15.270+0000] {manager.py:737} INFO - Searching for files in /opt/airflow/dags
[2026-04-14T08:14:15.285+0000] {manager.py:740} INFO - There are 0 files in /opt/airflow/dags
[2026-04-14T08:19:16.220+0000] {manager.py:737} INFO - Searching for files in /opt/airflow/dags
[2026-04-14T08:19:16.232+0000] {manager.py:740} INFO - There are 0 files in /opt/airflow/dags
[2026-04-14T08:24:17.197+0000] {manager.py:737} INFO - Searching for files in /opt/airflow/dags
[2026-04-14T08:24:17.214+0000] {manager.py:740} INFO - There are 0 files in /opt/airflow/dags
[2026-04-14T08:26:03.078+0000] {manager.py:452} INFO - Exiting gracefully upon receiving signal 15
[2026-04-14T08:35:06.107+0000] {manager.py:470} INFO - Processing files using up to 2 processes at a time 
[2026-04-14T08:35:06.109+0000] {manager.py:471} INFO - Process each file at most once every 30 seconds
[2026-04-14T08:35:06.111+0000] {manager.py:472} INFO - Checking for new files in /opt/airflow/dags every 300 seconds
[2026-04-14T08:35:06.113+0000] {manager.py:737} INFO - Searching for files in /opt/airflow/dags
[2026-04-14T08:35:06.119+0000] {manager.py:740} INFO - There are 0 files in /opt/airflow/dags
[2026-04-14T08:36:38.945+0000] {manager.py:452} INFO - Exiting gracefully upon receiving signal 15
[2026-04-14T08:44:03.728+0000] {manager.py:470} INFO - Processing files using up to 2 processes at a time 
[2026-04-14T08:44:03.730+0000] {manager.py:471} INFO - Process each file at most once every 30 seconds
[2026-04-14T08:44:03.731+0000] {manager.py:472} INFO - Checking for new files in /opt/airflow/dags every 300 seconds
[2026-04-14T08:44:03.733+0000] {manager.py:737} INFO - Searching for files in /opt/airflow/dags
[2026-04-14T08:44:03.738+0000] {manager.py:740} INFO - There are 0 files in /opt/airflow/dags
[2026-04-14T08:44:27.980+0000] {manager.py:452} INFO - Exiting gracefully upon receiving signal 15
[2026-04-14T09:30:19.877+0000] {manager.py:470} INFO - Processing files using up to 2 processes at a time 
[2026-04-14T09:30:19.878+0000] {manager.py:471} INFO - Process each file at most once every 30 seconds
[2026-04-14T09:30:19.881+0000] {manager.py:472} INFO - Checking for new files in /opt/airflow/dags every 300 seconds
[2026-04-14T09:30:19.883+0000] {manager.py:737} INFO - Searching for files in /opt/airflow/dags
[2026-04-14T09:30:19.892+0000] {manager.py:740} INFO - There are 0 files in /opt/airflow/dags
[2026-04-14T09:35:20.821+0000] {manager.py:737} INFO - Searching for files in /opt/airflow/dags
[2026-04-14T09:35:20.829+0000] {manager.py:740} INFO - There are 0 files in /opt/airflow/dags
[2026-04-14T09:39:28.774+0000] {manager.py:452} INFO - Exiting gracefully upon receiving signal 15
[2026-04-14T09:47:30.278+0000] {manager.py:470} INFO - Processing files using up to 2 processes at a time 
[2026-04-14T09:47:30.280+0000] {manager.py:471} INFO - Process each file at most once every 30 seconds
[2026-04-14T09:47:30.282+0000] {manager.py:472} INFO - Checking for new files in /opt/airflow/dags every 300 seconds
[2026-04-14T09:47:30.284+0000] {manager.py:737} INFO - Searching for files in /opt/airflow/dags
[2026-04-14T09:47:30.290+0000] {manager.py:740} INFO - There are 0 files in /opt/airflow/dags
[2026-04-14T09:52:31.223+0000] {manager.py:737} INFO - Searching for files in /opt/airflow/dags
[2026-04-14T09:52:31.232+0000] {manager.py:740} INFO - There are 0 files in /opt/airflow/dags
[2026-04-14T09:57:32.110+0000] {manager.py:737} INFO - Searching for files in /opt/airflow/dags
[2026-04-14T09:57:32.125+0000] {manager.py:740} INFO - There are 0 files in /opt/airflow/dags
[2026-04-14T10:15:29.881+0000] {manager.py:737} INFO - Searching for files in /opt/airflow/dags
[2026-04-14T10:15:30.000+0000] {manager.py:740} INFO - There are 0 files in /opt/airflow/dags
[2026-04-14T10:20:30.423+0000] {manager.py:737} INFO - Searching for files in /opt/airflow/dags
[2026-04-14T10:20:30.429+0000] {manager.py:740} INFO - There are 0 files in /opt/airflow/dags
[2026-04-14T10:25:30.759+0000] {manager.py:737} INFO - Searching for files in /opt/airflow/dags
[2026-04-14T10:25:30.765+0000] {manager.py:740} INFO - There are 0 files in /opt/airflow/dags
[2026-04-14T10:30:31.125+0000] {manager.py:737} INFO - Searching for files in /opt/airflow/dags
[2026-04-14T10:30:31.132+0000] {manager.py:740} INFO - There are 0 files in /opt/airflow/dags
[2026-04-14T10:35:31.476+0000] {manager.py:737} INFO - Searching for files in /opt/airflow/dags
[2026-04-14T10:35:31.484+0000] {manager.py:740} INFO - There are 0 files in /opt/airflow/dags
[2026-04-14T10:40:31.904+0000] {manager.py:737} INFO - Searching for files in /opt/airflow/dags
[2026-04-14T10:40:31.913+0000] {manager.py:740} INFO - There are 0 files in /opt/airflow/dags
[2026-04-14T10:45:32.382+0000] {manager.py:737} INFO - Searching for files in /opt/airflow/dags
[2026-04-14T10:45:32.392+0000] {manager.py:740} INFO - There are 0 files in /opt/airflow/dags
[2026-04-14T10:50:32.766+0000] {manager.py:737} INFO - Searching for files in /opt/airflow/dags
[2026-04-14T10:50:32.774+0000] {manager.py:740} INFO - There are 0 files in /opt/airflow/dags
[2026-04-14T10:55:33.155+0000] {manager.py:737} INFO - Searching for files in /opt/airflow/dags
[2026-04-14T10:55:33.168+0000] {manager.py:740} INFO - There are 0 files in /opt/airflow/dags
[2026-04-14T11:00:33.532+0000] {manager.py:737} INFO - Searching for files in /opt/airflow/dags
[2026-04-14T11:00:33.542+0000] {manager.py:740} INFO - There are 0 files in /opt/airflow/dags
[2026-04-14T11:05:33.921+0000] {manager.py:737} INFO - Searching for files in /opt/airflow/dags
[2026-04-14T11:05:33.931+0000] {manager.py:740} INFO - There are 0 files in /opt/airflow/dags
[2026-04-14T11:10:34.325+0000] {manager.py:737} INFO - Searching for files in /opt/airflow/dags
[2026-04-14T11:10:34.336+0000] {manager.py:740} INFO - There are 0 files in /opt/airflow/dags
[2026-04-14T11:15:34.802+0000] {manager.py:737} INFO - Searching for files in /opt/airflow/dags
[2026-04-14T11:15:34.817+0000] {manager.py:740} INFO - There are 0 files in /opt/airflow/dags
[2026-04-14T11:20:35.370+0000] {manager.py:737} INFO - Searching for files in /opt/airflow/dags
[2026-04-14T11:20:35.379+0000] {manager.py:740} INFO - There are 0 files in /opt/airflow/dags
[2026-04-14T11:25:35.801+0000] {manager.py:737} INFO - Searching for files in /opt/airflow/dags
[2026-04-14T11:25:35.812+0000] {manager.py:740} INFO - There are 0 files in /opt/airflow/dags
[2026-04-14T11:30:36.207+0000] {manager.py:737} INFO - Searching for files in /opt/airflow/dags
[2026-04-14T11:30:36.212+0000] {manager.py:740} INFO - There are 0 files in /opt/airflow/dags
[2026-04-14T11:35:36.626+0000] {manager.py:737} INFO - Searching for files in /opt/airflow/dags
[2026-04-14T11:35:36.636+0000] {manager.py:740} INFO - There are 0 files in /opt/airflow/dags
[2026-04-14T11:40:37.097+0000] {manager.py:737} INFO - Searching for files in /opt/airflow/dags
[2026-04-14T11:40:37.107+0000] {manager.py:740} INFO - There are 0 files in /opt/airflow/dags
[2026-04-14T11:45:37.498+0000] {manager.py:737} INFO - Searching for files in /opt/airflow/dags
[2026-04-14T11:45:37.503+0000] {manager.py:740} INFO - There are 0 files in /opt/airflow/dags
[2026-04-14T11:50:38.045+0000] {manager.py:737} INFO - Searching for files in /opt/airflow/dags
[2026-04-14T11:50:38.054+0000] {manager.py:740} INFO - There are 0 files in /opt/airflow/dags
[2026-04-14T11:55:38.483+0000] {manager.py:737} INFO - Searching for files in /opt/airflow/dags
[2026-04-14T11:55:38.491+0000] {manager.py:740} INFO - There are 0 files in /opt/airflow/dags
[2026-04-14T12:00:38.950+0000] {manager.py:737} INFO - Searching for files in /opt/airflow/dags
[2026-04-14T12:00:38.960+0000] {manager.py:740} INFO - There are 0 files in /opt/airflow/dags
[2026-04-14T12:05:39.391+0000] {manager.py:737} INFO - Searching for files in /opt/airflow/dags
[2026-04-14T12:05:39.396+0000] {manager.py:740} INFO - There are 0 files in /opt/airflow/dags
[2026-04-14T12:10:39.860+0000] {manager.py:737} INFO - Searching for files in /opt/airflow/dags
[2026-04-14T12:10:39.869+0000] {manager.py:740} INFO - There are 0 files in /opt/airflow/dags
[2026-04-14T12:15:40.517+0000] {manager.py:737} INFO - Searching for files in /opt/airflow/dags
[2026-04-14T12:15:40.523+0000] {manager.py:740} INFO - There are 0 files in /opt/airflow/dags
[2026-04-14T12:20:40.942+0000] {manager.py:737} INFO - Searching for files in /opt/airflow/dags
[2026-04-14T12:20:40.951+0000] {manager.py:740} INFO - There are 0 files in /opt/airflow/dags
[2026-04-14T12:25:41.355+0000] {manager.py:737} INFO - Searching for files in /opt/airflow/dags
[2026-04-14T12:25:41.367+0000] {manager.py:740} INFO - There are 0 files in /opt/airflow/dags
[2026-04-14T12:30:41.833+0000] {manager.py:737} INFO - Searching for files in /opt/airflow/dags
[2026-04-14T12:30:41.843+0000] {manager.py:740} INFO - There are 0 files in /opt/airflow/dags
[2026-04-14T12:35:42.293+0000] {manager.py:737} INFO - Searching for files in /opt/airflow/dags
[2026-04-14T12:35:42.302+0000] {manager.py:740} INFO - There are 0 files in /opt/airflow/dags
[2026-04-14T12:40:42.885+0000] {manager.py:737} INFO - Searching for files in /opt/airflow/dags
[2026-04-14T12:40:42.894+0000] {manager.py:740} INFO - There are 0 files in /opt/airflow/dags
[2026-04-14T12:45:43.445+0000] {manager.py:737} INFO - Searching for files in /opt/airflow/dags
[2026-04-14T12:45:43.457+0000] {manager.py:740} INFO - There are 0 files in /opt/airflow/dags
[2026-04-14T12:50:43.931+0000] {manager.py:737} INFO - Searching for files in /opt/airflow/dags
[2026-04-14T12:50:43.940+0000] {manager.py:740} INFO - There are 0 files in /opt/airflow/dags
[2026-04-14T12:55:44.552+0000] {manager.py:737} INFO - Searching for files in /opt/airflow/dags
[2026-04-14T12:55:44.563+0000] {manager.py:740} INFO - There are 0 files in /opt/airflow/dags
[2026-04-14T13:00:45.259+0000] {manager.py:737} INFO - Searching for files in /opt/airflow/dags
[2026-04-14T13:00:45.265+0000] {manager.py:740} INFO - There are 0 files in /opt/airflow/dags
[2026-04-14T13:05:45.784+0000] {manager.py:737} INFO - Searching for files in /opt/airflow/dags
[2026-04-14T13:05:45.791+0000] {manager.py:740} INFO - There are 0 files in /opt/airflow/dags
[2026-04-14T13:10:46.203+0000] {manager.py:737} INFO - Searching for files in /opt/airflow/dags
[2026-04-14T13:10:46.211+0000] {manager.py:740} INFO - There are 0 files in /opt/airflow/dags
[2026-04-14T13:15:46.698+0000] {manager.py:737} INFO - Searching for files in /opt/airflow/dags
[2026-04-14T13:15:46.706+0000] {manager.py:740} INFO - There are 0 files in /opt/airflow/dags
[2026-04-17T11:40:06.762+0000] {manager.py:470} INFO - Processing files using up to 2 processes at a time 
[2026-04-17T11:40:06.767+0000] {manager.py:471} INFO - Process each file at most once every 30 seconds
[2026-04-17T11:40:06.768+0000] {manager.py:472} INFO - Checking for new files in /opt/airflow/dags every 300 seconds
[2026-04-17T11:40:06.770+0000] {manager.py:737} INFO - Searching for files in /opt/airflow/dags
[2026-04-17T11:40:06.774+0000] {manager.py:740} INFO - There are 0 files in /opt/airflow/dags
[2026-04-17T11:45:07.725+0000] {manager.py:737} INFO - Searching for files in /opt/airflow/dags
[2026-04-17T11:45:07.730+0000] {manager.py:740} INFO - There are 0 files in /opt/airflow/dags
[2026-04-17T11:50:08.063+0000] {manager.py:737} INFO - Searching for files in /opt/airflow/dags
[2026-04-17T11:50:08.071+0000] {manager.py:740} INFO - There are 0 files in /opt/airflow/dags
[2026-04-17T11:55:08.469+0000] {manager.py:737} INFO - Searching for files in /opt/airflow/dags
[2026-04-17T11:55:08.472+0000] {manager.py:740} INFO - There are 0 files in /opt/airflow/dags
[2026-04-17T12:00:08.974+0000] {manager.py:737} INFO - Searching for files in /opt/airflow/dags
[2026-04-17T12:00:08.982+0000] {manager.py:740} INFO - There are 0 files in /opt/airflow/dags
[2026-04-17T12:05:09.417+0000] {manager.py:737} INFO - Searching for files in /opt/airflow/dags
[2026-04-17T12:05:09.421+0000] {manager.py:740} INFO - There are 0 files in /opt/airflow/dags
[2026-04-17T12:10:09.795+0000] {manager.py:737} INFO - Searching for files in /opt/airflow/dags
[2026-04-17T12:10:09.806+0000] {manager.py:740} INFO - There are 0 files in /opt/airflow/dags
[2026-04-17T12:15:10.144+0000] {manager.py:737} INFO - Searching for files in /opt/airflow/dags
[2026-04-17T12:15:10.152+0000] {manager.py:740} INFO - There are 0 files in /opt/airflow/dags
[2026-04-17T12:20:10.723+0000] {manager.py:737} INFO - Searching for files in /opt/airflow/dags
[2026-04-17T12:20:10.735+0000] {manager.py:740} INFO - There are 0 files in /opt/airflow/dags
[2026-04-17T12:25:11.037+0000] {manager.py:737} INFO - Searching for files in /opt/airflow/dags
[2026-04-17T12:25:11.041+0000] {manager.py:740} INFO - There are 0 files in /opt/airflow/dags
[2026-04-17T12:30:11.365+0000] {manager.py:737} INFO - Searching for files in /opt/airflow/dags
[2026-04-17T12:30:11.373+0000] {manager.py:740} INFO - There are 0 files in /opt/airflow/dags
[2026-04-17T12:35:11.894+0000] {manager.py:737} INFO - Searching for files in /opt/airflow/dags
[2026-04-17T12:35:11.905+0000] {manager.py:740} INFO - There are 0 files in /opt/airflow/dags
[2026-04-17T12:40:12.555+0000] {manager.py:737} INFO - Searching for files in /opt/airflow/dags
[2026-04-17T12:40:12.566+0000] {manager.py:740} INFO - There are 0 files in /opt/airflow/dags
[2026-04-17T12:45:12.867+0000] {manager.py:737} INFO - Searching for files in /opt/airflow/dags
[2026-04-17T12:45:12.874+0000] {manager.py:740} INFO - There are 0 files in /opt/airflow/dags
[2026-04-17T12:50:13.447+0000] {manager.py:737} INFO - Searching for files in /opt/airflow/dags
[2026-04-17T12:50:13.455+0000] {manager.py:740} INFO - There are 0 files in /opt/airflow/dags
[2026-04-17T12:55:14.096+0000] {manager.py:737} INFO - Searching for files in /opt/airflow/dags
[2026-04-17T12:55:14.104+0000] {manager.py:740} INFO - There are 0 files in /opt/airflow/dags
[2026-04-17T13:32:28.689+0000] {manager.py:737} INFO - Searching for files in /opt/airflow/dags
[2026-04-17T13:32:28.695+0000] {manager.py:740} INFO - There are 0 files in /opt/airflow/dags
[2026-04-17T13:37:29.433+0000] {manager.py:737} INFO - Searching for files in /opt/airflow/dags
[2026-04-17T13:37:29.444+0000] {manager.py:740} INFO - There are 0 files in /opt/airflow/dags
[2026-04-17T13:42:30.232+0000] {manager.py:737} INFO - Searching for files in /opt/airflow/dags
[2026-04-17T13:42:30.247+0000] {manager.py:740} INFO - There are 0 files in /opt/airflow/dags
[2026-04-17T13:59:34.205+0000] {manager.py:737} INFO - Searching for files in /opt/airflow/dags
[2026-04-17T13:59:34.787+0000] {manager.py:740} INFO - There are 0 files in /opt/airflow/dags
[2026-04-17T14:04:34.980+0000] {manager.py:737} INFO - Searching for files in /opt/airflow/dags
[2026-04-17T14:04:34.990+0000] {manager.py:740} INFO - There are 0 files in /opt/airflow/dags
[2026-04-17T14:09:35.014+0000] {manager.py:737} INFO - Searching for files in /opt/airflow/dags
[2026-04-17T14:09:35.024+0000] {manager.py:740} INFO - There are 0 files in /opt/airflow/dags
[2026-04-17T15:25:12.277+0000] {manager.py:737} INFO - Searching for files in /opt/airflow/dags
[2026-04-17T15:25:13.866+0000] {manager.py:740} INFO - There are 0 files in /opt/airflow/dags
[2026-04-17T15:30:12.766+0000] {manager.py:737} INFO - Searching for files in /opt/airflow/dags
[2026-04-17T15:30:12.776+0000] {manager.py:740} INFO - There are 0 files in /opt/airflow/dags
[2026-04-17T15:35:12.814+0000] {manager.py:737} INFO - Searching for files in /opt/airflow/dags
[2026-04-17T15:35:12.822+0000] {manager.py:740} INFO - There are 0 files in /opt/airflow/dags
[2026-04-17T15:40:13.813+0000] {manager.py:737} INFO - Searching for files in /opt/airflow/dags
[2026-04-17T15:40:13.819+0000] {manager.py:740} INFO - There are 0 files in /opt/airflow/dags
[2026-04-17T15:45:13.833+0000] {manager.py:737} INFO - Searching for files in /opt/airflow/dags
[2026-04-17T15:45:13.851+0000] {manager.py:740} INFO - There are 0 files in /opt/airflow/dags
[2026-04-17T15:50:14.690+0000] {manager.py:737} INFO - Searching for files in /opt/airflow/dags
[2026-04-17T15:50:14.696+0000] {manager.py:740} INFO - There are 0 files in /opt/airflow/dags
[2026-04-17T15:55:15.579+0000] {manager.py:737} INFO - Searching for files in /opt/airflow/dags
[2026-04-17T15:55:15.587+0000] {manager.py:740} INFO - There are 0 files in /opt/airflow/dags
[2026-04-17T16:00:16.466+0000] {manager.py:737} INFO - Searching for files in /opt/airflow/dags
[2026-04-17T16:00:16.482+0000] {manager.py:740} INFO - There are 0 files in /opt/airflow/dags
[2026-04-17T16:05:17.336+0000] {manager.py:737} INFO - Searching for files in /opt/airflow/dags
[2026-04-17T16:05:17.347+0000] {manager.py:740} INFO - There are 0 files in /opt/airflow/dags
[2026-04-17T16:10:18.261+0000] {manager.py:737} INFO - Searching for files in /opt/airflow/dags
[2026-04-17T16:10:18.272+0000] {manager.py:740} INFO - There are 0 files in /opt/airflow/dags
[2026-04-17T16:15:19.180+0000] {manager.py:737} INFO - Searching for files in /opt/airflow/dags
[2026-04-17T16:15:19.194+0000] {manager.py:740} INFO - There are 0 files in /opt/airflow/dags
[2026-04-17T16:20:20.093+0000] {manager.py:737} INFO - Searching for files in /opt/airflow/dags
[2026-04-17T16:20:20.105+0000] {manager.py:740} INFO - There are 0 files in /opt/airflow/dags
[2026-04-17T16:25:21.033+0000] {manager.py:737} INFO - Searching for files in /opt/airflow/dags
[2026-04-17T16:25:21.041+0000] {manager.py:740} INFO - There are 0 files in /opt/airflow/dags
[2026-04-17T16:30:21.948+0000] {manager.py:737} INFO - Searching for files in /opt/airflow/dags
[2026-04-17T16:30:21.963+0000] {manager.py:740} INFO - There are 0 files in /opt/airflow/dags
[2026-04-17T16:35:22.933+0000] {manager.py:737} INFO - Searching for files in /opt/airflow/dags
[2026-04-17T16:35:22.950+0000] {manager.py:740} INFO - There are 0 files in /opt/airflow/dags
[2026-04-17T16:40:23.888+0000] {manager.py:737} INFO - Searching for files in /opt/airflow/dags
[2026-04-17T16:40:23.899+0000] {manager.py:740} INFO - There are 0 files in /opt/airflow/dags
[2026-04-17T16:45:24.884+0000] {manager.py:737} INFO - Searching for files in /opt/airflow/dags
[2026-04-17T16:45:24.900+0000] {manager.py:740} INFO - There are 0 files in /opt/airflow/dags
[2026-04-17T16:50:25.862+0000] {manager.py:737} INFO - Searching for files in /opt/airflow/dags
[2026-04-17T16:50:25.873+0000] {manager.py:740} INFO - There are 0 files in /opt/airflow/dags
[2026-04-17T16:55:25.911+0000] {manager.py:737} INFO - Searching for files in /opt/airflow/dags
[2026-04-17T16:55:25.924+0000] {manager.py:740} INFO - There are 0 files in /opt/airflow/dags
[2026-04-17T17:00:26.179+0000] {manager.py:737} INFO - Searching for files in /opt/airflow/dags
[2026-04-17T17:00:26.196+0000] {manager.py:740} INFO - There are 0 files in /opt/airflow/dags
[2026-04-17T20:04:15.675+0000] {manager.py:737} INFO - Searching for files in /opt/airflow/dags
[2026-04-17T20:04:15.713+0000] {manager.py:740} INFO - There are 0 files in /opt/airflow/dags
[2026-04-17T21:51:14.853+0000] {manager.py:737} INFO - Searching for files in /opt/airflow/dags
[2026-04-17T21:51:14.913+0000] {manager.py:740} INFO - There are 0 files in /opt/airflow/dags
[2026-04-17T21:56:15.602+0000] {manager.py:737} INFO - Searching for files in /opt/airflow/dags
[2026-04-17T21:56:15.610+0000] {manager.py:740} INFO - There are 0 files in /opt/airflow/dags
[2026-04-17T22:01:16.018+0000] {manager.py:737} INFO - Searching for files in /opt/airflow/dags
[2026-04-17T22:01:16.028+0000] {manager.py:740} INFO - There are 0 files in /opt/airflow/dags
[2026-04-17T22:06:16.433+0000] {manager.py:737} INFO - Searching for files in /opt/airflow/dags
[2026-04-17T22:06:16.440+0000] {manager.py:740} INFO - There are 0 files in /opt/airflow/dags
[2026-04-17T22:11:16.810+0000] {manager.py:737} INFO - Searching for files in /opt/airflow/dags
[2026-04-17T22:11:16.819+0000] {manager.py:740} INFO - There are 0 files in /opt/airflow/dags
[2026-04-17T22:16:17.226+0000] {manager.py:737} INFO - Searching for files in /opt/airflow/dags
[2026-04-17T22:16:17.240+0000] {manager.py:740} INFO - There are 0 files in /opt/airflow/dags
[2026-04-17T22:21:17.616+0000] {manager.py:737} INFO - Searching for files in /opt/airflow/dags
[2026-04-17T22:21:17.627+0000] {manager.py:740} INFO - There are 0 files in /opt/airflow/dags
[2026-04-17T22:26:18.272+0000] {manager.py:737} INFO - Searching for files in /opt/airflow/dags
[2026-04-17T22:26:18.280+0000] {manager.py:740} INFO - There are 0 files in /opt/airflow/dags
[2026-04-17T22:32:23.522+0000] {manager.py:737} INFO - Searching for files in /opt/airflow/dags
[2026-04-17T22:32:23.527+0000] {manager.py:740} INFO - There are 0 files in /opt/airflow/dags
[2026-04-17T22:37:23.863+0000] {manager.py:737} INFO - Searching for files in /opt/airflow/dags
[2026-04-17T22:37:23.874+0000] {manager.py:740} INFO - There are 0 files in /opt/airflow/dags
[2026-04-17T22:42:24.258+0000] {manager.py:737} INFO - Searching for files in /opt/airflow/dags
[2026-04-17T22:42:24.266+0000] {manager.py:740} INFO - There are 0 files in /opt/airflow/dags
